# JRE version: Java(TM) SE Runtime Environment (17.0.10+11) (build 17.0.10+11-LTS-240)
# Java VM: Java HotSpot(TM) 64-Bit Server VM (17.0.10+11-LTS-240, mixed mode, sharing, tiered, compressed oops, compressed class ptrs, g1 gc, linux-amd64)
GC Precious Log:
 CPUs: 4 total, 4 available
 Memory: 7586M
 Large Page Support: Disabled
 NUMA Support: Disabled
 Compressed Oops: Enabled (32-bit)
 Heap Region Size: 1M
 Heap Min Capacity: 8M
 Heap Initial Capacity: 120M
 Heap Max Capacity: 1898M
 Pre-touch: Disabled
 Parallel Workers: 4
 Concurrent Workers: 1
 Concurrent Refinement Workers: 4
 Periodic GC: Disabled
Heap:
 garbage-first heap   total 83968K, used 51057K [0x0000000089600000, 0x0000000100000000)
  region size 1024K, 5 young (5120K), 2 survivors (2048K)
 Metaspace       used 45329K, committed 45632K, reserved 1114112K
  class space    used 6494K, committed 6656K, reserved 1048576K
GC Heap History (20 events):
Event: 2.122 GC heap before
{Heap before GC invocations=2 (full 0):
 garbage-first heap   total 124928K, used 31212K [0x0000000089600000, 0x0000000100000000)
  region size 1024K, 26 young (26624K), 2 survivors (2048K)
 Metaspace       used 21313K, committed 21504K, reserved 1114112K
  class space    used 2702K, committed 2816K, reserved 1048576K
}
Event: 2.126 GC heap after
{Heap after GC invocations=3 (full 0):
 garbage-first heap   total 124928K, used 10159K [0x0000000089600000, 0x0000000100000000)
  region size 1024K, 4 young (4096K), 4 survivors (4096K)
 Metaspace       used 21313K, committed 21504K, reserved 1114112K
  class space    used 2702K, committed 2816K, reserved 1048576K
}
Event: 2.614 GC heap before
{Heap before GC invocations=4 (full 0):
 garbage-first heap   total 45056K, used 32687K [0x0000000089600000, 0x0000000100000000)
  region size 1024K, 26 young (26624K), 4 survivors (4096K)
 Metaspace       used 28792K, committed 29056K, reserved 1114112K
  class space    used 3808K, committed 3904K, reserved 1048576K
}
Event: 2.620 GC heap after
{Heap after GC invocations=5 (full 0):
 garbage-first heap   total 45056K, used 11710K [0x0000000089600000, 0x0000000100000000)
  region size 1024K, 2 young (2048K), 2 survivors (2048K)
 Metaspace       used 28792K, committed 29056K, reserved 1114112K
  class space    used 3808K, committed 3904K, reserved 1048576K
}
Event: 3.021 GC heap before
{Heap before GC invocations=5 (full 0):
 garbage-first heap   total 45056K, used 28094K [0x0000000089600000, 0x0000000100000000)
  region size 1024K, 19 young (19456K), 2 survivors (2048K)
 Metaspace       used 32008K, committed 32256K, reserved 1114112K
  class space    used 4254K, committed 4352K, reserved 1048576K
}
Event: 3.024 GC heap after
{Heap after GC invocations=6 (full 0):
 garbage-first heap   total 45056K, used 12548K [0x0000000089600000, 0x0000000100000000)
  region size 1024K, 3 young (3072K), 3 survivors (3072K)
 Metaspace       used 32008K, committed 32256K, reserved 1114112K
  class space    used 4254K, committed 4352K, reserved 1048576K
}
Event: 3.327 GC heap before
{Heap before GC invocations=6 (full 0):
 garbage-first heap   total 45056K, used 27908K [0x0000000089600000, 0x0000000100000000)
  region size 1024K, 17 young (17408K), 3 survivors (3072K)
 Metaspace       used 35675K, committed 35968K, reserved 1114112K
  class space    used 4918K, committed 5056K, reserved 1048576K
}
Event: 3.335 GC heap after
{Heap after GC invocations=7 (full 0):
 garbage-first heap   total 45056K, used 16711K [0x0000000089600000, 0x0000000100000000)
  region size 1024K, 3 young (3072K), 3 survivors (3072K)
 Metaspace       used 35675K, committed 35968K, reserved 1114112K
  class space    used 4918K, committed 5056K, reserved 1048576K
}
Event: 3.631 GC heap before
{Heap before GC invocations=8 (full 0):
 garbage-first heap   total 45056K, used 27975K [0x0000000089600000, 0x0000000100000000)
  region size 1024K, 11 young (11264K), 3 survivors (3072K)
 Metaspace       used 37516K, committed 37824K, reserved 1114112K
  class space    used 5260K, committed 5440K, reserved 1048576K
}
Event: 3.642 GC heap after
{Heap after GC invocations=9 (full 0):
 garbage-first heap   total 54272K, used 21393K [0x0000000089600000, 0x0000000100000000)
  region size 1024K, 2 young (2048K), 2 survivors (2048K)
 Metaspace       used 37516K, committed 37824K, reserved 1114112K
  class space    used 5260K, committed 5440K, reserved 1048576K
}
Event: 3.912 GC heap before
{Heap before GC invocations=9 (full 0):
 garbage-first heap   total 54272K, used 31633K [0x0000000089600000, 0x0000000100000000)
  region size 1024K, 11 young (11264K), 2 survivors (2048K)
 Metaspace       used 40125K, committed 40448K, reserved 1114112K
  class space    used 5804K, committed 5952K, reserved 1048576K
}
Event: 3.916 GC heap after
{Heap after GC invocations=10 (full 0):
 garbage-first heap   total 54272K, used 23807K [0x0000000089600000, 0x0000000100000000)
  region size 1024K, 2 young (2048K), 2 survivors (2048K)
 Metaspace       used 40125K, committed 40448K, reserved 1114112K
  class space    used 5804K, committed 5952K, reserved 1048576K
}
Event: 12.673 GC heap before
{Heap before GC invocations=11 (full 0):
 garbage-first heap   total 54272K, used 38143K [0x0000000089600000, 0x0000000100000000)
  region size 1024K, 15 young (15360K), 2 survivors (2048K)
 Metaspace       used 44389K, committed 44672K, reserved 1114112K
  class space    used 6330K, committed 6464K, reserved 1048576K
}
Event: 12.675 GC heap after
{Heap after GC invocations=12 (full 0):
 garbage-first heap   total 54272K, used 27076K [0x0000000089600000, 0x0000000100000000)
  region size 1024K, 2 young (2048K), 2 survivors (2048K)
 Metaspace       used 44389K, committed 44672K, reserved 1114112K
  class space    used 6330K, committed 6464K, reserved 1048576K
}
Event: 12.689 GC heap before
{Heap before GC invocations=12 (full 0):
 garbage-first heap   total 54272K, used 27076K [0x0000000089600000, 0x0000000100000000)
  region size 1024K, 4 young (4096K), 2 survivors (2048K)
 Metaspace       used 44457K, committed 44736K, reserved 1114112K
  class space    used 6340K, committed 6464K, reserved 1048576K
}
Event: 12.694 GC heap after
{Heap after GC invocations=13 (full 0):
 garbage-first heap   total 54272K, used 27555K [0x0000000089600000, 0x0000000100000000)
  region size 1024K, 1 young (1024K), 1 survivors (1024K)
 Metaspace       used 44457K, committed 44736K, reserved 1114112K
  class space    used 6340K, committed 6464K, reserved 1048576K
}
Event: 12.731 GC heap before
{Heap before GC invocations=14 (full 0):
 garbage-first heap   total 66560K, used 37795K [0x0000000089600000, 0x0000000100000000)
  region size 1024K, 2 young (2048K), 1 survivors (1024K)
 Metaspace       used 44489K, committed 44800K, reserved 1114112K
  class space    used 6340K, committed 6464K, reserved 1048576K
}
Event: 12.733 GC heap after
{Heap after GC invocations=15 (full 0):
 garbage-first heap   total 66560K, used 38096K [0x0000000089600000, 0x0000000100000000)
  region size 1024K, 1 young (1024K), 1 survivors (1024K)
 Metaspace       used 44489K, committed 44800K, reserved 1114112K
  class space    used 6340K, committed 6464K, reserved 1048576K
}
Event: 12.861 GC heap before
{Heap before GC invocations=16 (full 0):
 garbage-first heap   total 76800K, used 43216K [0x0000000089600000, 0x0000000100000000)
  region size 1024K, 4 young (4096K), 1 survivors (1024K)
 Metaspace       used 44937K, committed 45184K, reserved 1114112K
  class space    used 6413K, committed 6528K, reserved 1048576K
}
Event: 12.870 GC heap after
{Heap after GC invocations=17 (full 0):
 garbage-first heap   total 76800K, used 42865K [0x0000000089600000, 0x0000000100000000)
  region size 1024K, 2 young (2048K), 2 survivors (2048K)
 Metaspace       used 44937K, committed 45184K, reserved 1114112K
  class space    used 6413K, committed 6528K, reserved 1048576K
}

