# JRE version: Java(TM) SE Runtime Environment (17.0.10+11) (build 17.0.10+11-LTS-240)
# Java VM: Java HotSpot(TM) 64-Bit Server VM (17.0.10+11-LTS-240, mixed mode, sharing, tiered, compressed oops, compressed class ptrs, g1 gc, linux-amd64)
GC Precious Log:
 CPUs: 4 total, 4 available
 Memory: 7586M
 Large Page Support: Disabled
 NUMA Support: Disabled
 Compressed Oops: Enabled (32-bit)
 Heap Region Size: 1M
 Heap Min Capacity: 8M
 Heap Initial Capacity: 120M
 Heap Max Capacity: 1898M
 Pre-touch: Disabled
 Parallel Workers: 4
 Concurrent Workers: 1
 Concurrent Refinement Workers: 4
 Periodic GC: Disabled
Heap:
 garbage-first heap   total 58368K, used 46120K [0x0000000089600000, 0x0000000100000000)
  region size 1024K, 16 young (16384K), 2 survivors (2048K)
 Metaspace       used 46924K, committed 47296K, reserved 1114112K
  class space    used 6681K, committed 6848K, reserved 1048576K
GC Heap History (19 events):
Event: 0.534 GC heap before
{Heap before GC invocations=0 (full 0):
 garbage-first heap   total 124928K, used 14316K [0x0000000089600000, 0x0000000100000000)
  region size 1024K, 13 young (13312K), 0 survivors (0K)
 Metaspace       used 4475K, committed 4672K, reserved 1114112K
  class space    used 481K, committed 576K, reserved 1048576K
}
Event: 0.540 GC heap after
{Heap after GC invocations=1 (full 0):
 garbage-first heap   total 124928K, used 6229K [0x0000000089600000, 0x0000000100000000)
  region size 1024K, 2 young (2048K), 2 survivors (2048K)
 Metaspace       used 4475K, committed 4672K, reserved 1114112K
  class space    used 481K, committed 576K, reserved 1048576K
}
Event: 0.851 GC heap before
{Heap before GC invocations=1 (full 0):
 garbage-first heap   total 124928K, used 21589K [0x0000000089600000, 0x0000000100000000)
  region size 1024K, 18 young (18432K), 2 survivors (2048K)
 Metaspace       used 12271K, committed 12480K, reserved 1114112K
  class space    used 1520K, committed 1664K, reserved 1048576K
}
Event: 0.854 GC heap after
{Heap after GC invocations=2 (full 0):
 garbage-first heap   total 124928K, used 7420K [0x0000000089600000, 0x0000000100000000)
  region size 1024K, 2 young (2048K), 2 survivors (2048K)
 Metaspace       used 12271K, committed 12480K, reserved 1114112K
  class space    used 1520K, committed 1664K, reserved 1048576K
}
Event: 1.256 GC heap before
{Heap before GC invocations=2 (full 0):
 garbage-first heap   total 124928K, used 29948K [0x0000000089600000, 0x0000000100000000)
  region size 1024K, 25 young (25600K), 2 survivors (2048K)
 Metaspace       used 21313K, committed 21504K, reserved 1114112K
  class space    used 2703K, committed 2816K, reserved 1048576K
}
Event: 1.262 GC heap after
{Heap after GC invocations=3 (full 0):
 garbage-first heap   total 124928K, used 10129K [0x0000000089600000, 0x0000000100000000)
  region size 1024K, 4 young (4096K), 4 survivors (4096K)
 Metaspace       used 21313K, committed 21504K, reserved 1114112K
  class space    used 2703K, committed 2816K, reserved 1048576K
}
Event: 1.567 GC heap before
{Heap before GC invocations=4 (full 0):
 garbage-first heap   total 45056K, used 32657K [0x0000000089600000, 0x0000000100000000)
  region size 1024K, 26 young (26624K), 4 survivors (4096K)
 Metaspace       used 28810K, committed 29056K, reserved 1114112K
  class space    used 3809K, committed 3904K, reserved 1048576K
}
Event: 1.573 GC heap after
{Heap after GC invocations=5 (full 0):
 garbage-first heap   total 45056K, used 11728K [0x0000000089600000, 0x0000000100000000)
  region size 1024K, 2 young (2048K), 2 survivors (2048K)
 Metaspace       used 28810K, committed 29056K, reserved 1114112K
  class space    used 3809K, committed 3904K, reserved 1048576K
}
Event: 1.588 GC heap before
{Heap before GC invocations=5 (full 0):
 garbage-first heap   total 45056K, used 12752K [0x0000000089600000, 0x0000000100000000)
  region size 1024K, 3 young (3072K), 2 survivors (2048K)
 Metaspace       used 29073K, committed 29312K, reserved 1114112K
  class space    used 3855K, committed 3968K, reserved 1048576K
}
Event: 1.589 GC heap after
{Heap after GC invocations=6 (full 0):
 garbage-first heap   total 45056K, used 11749K [0x0000000089600000, 0x0000000100000000)
  region size 1024K, 1 young (1024K), 1 survivors (1024K)
 Metaspace       used 29073K, committed 29312K, reserved 1114112K
  class space    used 3855K, committed 3968K, reserved 1048576K
}
Event: 1.877 GC heap before
{Heap before GC invocations=6 (full 0):
 garbage-first heap   total 45056K, used 28133K [0x0000000089600000, 0x0000000100000000)
  region size 1024K, 18 young (18432K), 1 survivors (1024K)
 Metaspace       used 32540K, committed 32704K, reserved 1114112K
  class space    used 4334K, committed 4416K, reserved 1048576K
}
Event: 1.881 GC heap after
{Heap after GC invocations=7 (full 0):
 garbage-first heap   total 45056K, used 12689K [0x0000000089600000, 0x0000000100000000)
  region size 1024K, 2 young (2048K), 2 survivors (2048K)
 Metaspace       used 32540K, committed 32704K, reserved 1114112K
  class space    used 4334K, committed 4416K, reserved 1048576K
}
Event: 2.182 GC heap before
{Heap before GC invocations=7 (full 0):
 garbage-first heap   total 45056K, used 27025K [0x0000000089600000, 0x0000000100000000)
  region size 1024K, 15 young (15360K), 2 survivors (2048K)
 Metaspace       used 35811K, committed 36096K, reserved 1114112K
  class space    used 4936K, committed 5120K, reserved 1048576K
}
Event: 2.186 GC heap after
{Heap after GC invocations=8 (full 0):
 garbage-first heap   total 58368K, used 17254K [0x0000000089600000, 0x0000000100000000)
  region size 1024K, 3 young (3072K), 3 survivors (3072K)
 Metaspace       used 35811K, committed 36096K, reserved 1114112K
  class space    used 4936K, committed 5120K, reserved 1048576K
}
Event: 8.093 GC heap before
{Heap before GC invocations=9 (full 0):
 garbage-first heap   total 58368K, used 47974K [0x0000000089600000, 0x0000000100000000)
  region size 1024K, 27 young (27648K), 3 survivors (3072K)
 Metaspace       used 43356K, committed 43648K, reserved 1114112K
  class space    used 6120K, committed 6272K, reserved 1048576K
}
Event: 8.096 GC heap after
{Heap after GC invocations=10 (full 0):
 garbage-first heap   total 58368K, used 26287K [0x0000000089600000, 0x0000000100000000)
  region size 1024K, 4 young (4096K), 4 survivors (4096K)
 Metaspace       used 43356K, committed 43648K, reserved 1114112K
  class space    used 6120K, committed 6272K, reserved 1048576K
}
Event: 8.230 GC heap before
{Heap before GC invocations=10 (full 0):
 garbage-first heap   total 58368K, used 37551K [0x0000000089600000, 0x0000000100000000)
  region size 1024K, 14 young (14336K), 4 survivors (4096K)
 Metaspace       used 44610K, committed 44928K, reserved 1114112K
  class space    used 6305K, committed 6464K, reserved 1048576K
}
Event: 8.234 GC heap after
{Heap after GC invocations=11 (full 0):
 garbage-first heap   total 58368K, used 29736K [0x0000000089600000, 0x0000000100000000)
  region size 1024K, 2 young (2048K), 2 survivors (2048K)
 Metaspace       used 44610K, committed 44928K, reserved 1114112K
  class space    used 6305K, committed 6464K, reserved 1048576K
}
Event: 15.063 GC heap before
{Heap before GC invocations=12 (full 0):
 garbage-first heap   total 58368K, used 45096K [0x0000000089600000, 0x0000000100000000)
  region size 1024K, 16 young (16384K), 2 survivors (2048K)
 Metaspace       used 46924K, committed 47296K, reserved 1114112K
  class space    used 6681K, committed 6848K, reserved 1048576K
}

