# JRE version: Java(TM) SE Runtime Environment (17.0.10+11) (build 17.0.10+11-LTS-240)
# Java VM: Java HotSpot(TM) 64-Bit Server VM (17.0.10+11-LTS-240, mixed mode, sharing, tiered, compressed oops, compressed class ptrs, g1 gc, linux-amd64)
GC Precious Log:
 CPUs: 4 total, 4 available
 Memory: 7586M
 Large Page Support: Disabled
 NUMA Support: Disabled
 Compressed Oops: Enabled (32-bit)
 Heap Region Size: 1M
 Heap Min Capacity: 8M
 Heap Initial Capacity: 120M
 Heap Max Capacity: 1898M
 Pre-touch: Disabled
 Parallel Workers: 4
 Concurrent Workers: 1
 Concurrent Refinement Workers: 4
 Periodic GC: Disabled
Heap:
 garbage-first heap   total 79872K, used 62660K [0x0000000089600000, 0x0000000100000000)
  region size 1024K, 35 young (35840K), 4 survivors (4096K)
 Metaspace       used 46987K, committed 47296K, reserved 1114112K
  class space    used 6676K, committed 6848K, reserved 1048576K
GC Heap History (20 events):
Event: 0.587 GC heap after
{Heap after GC invocations=1 (full 0):
 garbage-first heap   total 124928K, used 6260K [0x0000000089600000, 0x0000000100000000)
  region size 1024K, 2 young (2048K), 2 survivors (2048K)
 Metaspace       used 4496K, committed 4672K, reserved 1114112K
  class space    used 481K, committed 576K, reserved 1048576K
}
Event: 1.012 GC heap before
{Heap before GC invocations=1 (full 0):
 garbage-first heap   total 124928K, used 21620K [0x0000000089600000, 0x0000000100000000)
  region size 1024K, 18 young (18432K), 2 survivors (2048K)
 Metaspace       used 12315K, committed 12544K, reserved 1114112K
  class space    used 1521K, committed 1664K, reserved 1048576K
}
Event: 1.016 GC heap after
{Heap after GC invocations=2 (full 0):
 garbage-first heap   total 124928K, used 7604K [0x0000000089600000, 0x0000000100000000)
  region size 1024K, 2 young (2048K), 2 survivors (2048K)
 Metaspace       used 12315K, committed 12544K, reserved 1114112K
  class space    used 1521K, committed 1664K, reserved 1048576K
}
Event: 1.452 GC heap before
{Heap before GC invocations=2 (full 0):
 garbage-first heap   total 124928K, used 30132K [0x0000000089600000, 0x0000000100000000)
  region size 1024K, 25 young (25600K), 2 survivors (2048K)
 Metaspace       used 21298K, committed 21504K, reserved 1114112K
  class space    used 2691K, committed 2816K, reserved 1048576K
}
Event: 1.456 GC heap after
{Heap after GC invocations=3 (full 0):
 garbage-first heap   total 124928K, used 10143K [0x0000000089600000, 0x0000000100000000)
  region size 1024K, 4 young (4096K), 4 survivors (4096K)
 Metaspace       used 21298K, committed 21504K, reserved 1114112K
  class space    used 2691K, committed 2816K, reserved 1048576K
}
Event: 1.812 GC heap before
{Heap before GC invocations=4 (full 0):
 garbage-first heap   total 45056K, used 32671K [0x0000000089600000, 0x0000000100000000)
  region size 1024K, 26 young (26624K), 4 survivors (4096K)
 Metaspace       used 28885K, committed 29120K, reserved 1114112K
  class space    used 3808K, committed 3904K, reserved 1048576K
}
Event: 1.819 GC heap after
{Heap after GC invocations=5 (full 0):
 garbage-first heap   total 45056K, used 11611K [0x0000000089600000, 0x0000000100000000)
  region size 1024K, 2 young (2048K), 2 survivors (2048K)
 Metaspace       used 28885K, committed 29120K, reserved 1114112K
  class space    used 3808K, committed 3904K, reserved 1048576K
}
Event: 1.836 GC heap before
{Heap before GC invocations=5 (full 0):
 garbage-first heap   total 45056K, used 12635K [0x0000000089600000, 0x0000000100000000)
  region size 1024K, 3 young (3072K), 2 survivors (2048K)
 Metaspace       used 29144K, committed 29376K, reserved 1114112K
  class space    used 3854K, committed 3968K, reserved 1048576K
}
Event: 1.839 GC heap after
{Heap after GC invocations=6 (full 0):
 garbage-first heap   total 45056K, used 11969K [0x0000000089600000, 0x0000000100000000)
  region size 1024K, 1 young (1024K), 1 survivors (1024K)
 Metaspace       used 29144K, committed 29376K, reserved 1114112K
  class space    used 3854K, committed 3968K, reserved 1048576K
}
Event: 2.107 GC heap before
{Heap before GC invocations=6 (full 0):
 garbage-first heap   total 45056K, used 28353K [0x0000000089600000, 0x0000000100000000)
  region size 1024K, 18 young (18432K), 1 survivors (1024K)
 Metaspace       used 32638K, committed 32896K, reserved 1114112K
  class space    used 4334K, committed 4416K, reserved 1048576K
}
Event: 2.109 GC heap after
{Heap after GC invocations=7 (full 0):
 garbage-first heap   total 45056K, used 12833K [0x0000000089600000, 0x0000000100000000)
  region size 1024K, 2 young (2048K), 2 survivors (2048K)
 Metaspace       used 32638K, committed 32896K, reserved 1114112K
  class space    used 4334K, committed 4416K, reserved 1048576K
}
Event: 2.304 GC heap before
{Heap before GC invocations=7 (full 0):
 garbage-first heap   total 45056K, used 26145K [0x0000000089600000, 0x0000000100000000)
  region size 1024K, 15 young (15360K), 2 survivors (2048K)
 Metaspace       used 35809K, committed 36096K, reserved 1114112K
  class space    used 4918K, committed 5056K, reserved 1048576K
}
Event: 2.309 GC heap after
{Heap after GC invocations=8 (full 0):
 garbage-first heap   total 45056K, used 17055K [0x0000000089600000, 0x0000000100000000)
  region size 1024K, 3 young (3072K), 3 survivors (3072K)
 Metaspace       used 35809K, committed 36096K, reserved 1114112K
  class space    used 4918K, committed 5056K, reserved 1048576K
}
Event: 2.588 GC heap before
{Heap before GC invocations=9 (full 0):
 garbage-first heap   total 45056K, used 36511K [0x0000000089600000, 0x0000000100000000)
  region size 1024K, 17 young (17408K), 3 survivors (3072K)
 Metaspace       used 39472K, committed 39808K, reserved 1114112K
  class space    used 5717K, committed 5888K, reserved 1048576K
}
Event: 2.596 GC heap after
{Heap after GC invocations=10 (full 0):
 garbage-first heap   total 45056K, used 23397K [0x0000000089600000, 0x0000000100000000)
  region size 1024K, 3 young (3072K), 3 survivors (3072K)
 Metaspace       used 39472K, committed 39808K, reserved 1114112K
  class space    used 5717K, committed 5888K, reserved 1048576K
}
Event: 2.647 GC heap before
{Heap before GC invocations=10 (full 0):
 garbage-first heap   total 45056K, used 24421K [0x0000000089600000, 0x0000000100000000)
  region size 1024K, 4 young (4096K), 3 survivors (3072K)
 Metaspace       used 39862K, committed 40128K, reserved 1114112K
  class space    used 5765K, committed 5888K, reserved 1048576K
}
Event: 2.652 GC heap after
{Heap after GC invocations=11 (full 0):
 garbage-first heap   total 45056K, used 23635K [0x0000000089600000, 0x0000000100000000)
  region size 1024K, 1 young (1024K), 1 survivors (1024K)
 Metaspace       used 39862K, committed 40128K, reserved 1114112K
  class space    used 5765K, committed 5888K, reserved 1048576K
}
Event: 2.677 GC heap before
{Heap before GC invocations=11 (full 0):
 garbage-first heap   total 45056K, used 23635K [0x0000000089600000, 0x0000000100000000)
  region size 1024K, 3 young (3072K), 1 survivors (1024K)
 Metaspace       used 40249K, committed 40576K, reserved 1114112K
  class space    used 5805K, committed 5952K, reserved 1048576K
}
Event: 2.679 GC heap after
{Heap after GC invocations=12 (full 0):
 garbage-first heap   total 79872K, used 23748K [0x0000000089600000, 0x0000000100000000)
  region size 1024K, 1 young (1024K), 1 survivors (1024K)
 Metaspace       used 40249K, committed 40576K, reserved 1114112K
  class space    used 5805K, committed 5952K, reserved 1048576K
}
Event: 15.343 GC heap before
{Heap before GC invocations=12 (full 0):
 garbage-first heap   total 79872K, used 62660K [0x0000000089600000, 0x0000000100000000)
  region size 1024K, 32 young (32768K), 1 survivors (1024K)
 Metaspace       used 46987K, committed 47296K, reserved 1114112K
  class space    used 6676K, committed 6848K, reserved 1048576K
}

