# JRE version: Java(TM) SE Runtime Environment (17.0.10+11) (build 17.0.10+11-LTS-240)
# Java VM: Java HotSpot(TM) 64-Bit Server VM (17.0.10+11-LTS-240, mixed mode, sharing, tiered, compressed oops, compressed class ptrs, g1 gc, linux-amd64)
GC Precious Log:
 CPUs: 4 total, 4 available
 Memory: 7586M
 Large Page Support: Disabled
 NUMA Support: Disabled
 Compressed Oops: Enabled (32-bit)
 Heap Region Size: 1M
 Heap Min Capacity: 8M
 Heap Initial Capacity: 120M
 Heap Max Capacity: 1898M
 Pre-touch: Disabled
 Parallel Workers: 4
 Concurrent Workers: 1
 Concurrent Refinement Workers: 4
 Periodic GC: Disabled
Heap:
 garbage-first heap   total 60416K, used 46581K [0x0000000089600000, 0x0000000100000000)
  region size 1024K, 13 young (13312K), 1 survivors (1024K)
 Metaspace       used 47427K, committed 47808K, reserved 1114112K
  class space    used 6684K, committed 6848K, reserved 1048576K
GC Heap History (20 events):
Event: 2.307 GC heap after
{Heap after GC invocations=6 (full 0):
 garbage-first heap   total 40960K, used 11912K [0x0000000089600000, 0x0000000100000000)
  region size 1024K, 2 young (2048K), 2 survivors (2048K)
 Metaspace       used 30945K, committed 31168K, reserved 1114112K
  class space    used 4112K, committed 4224K, reserved 1048576K
}
Event: 2.884 GC heap before
{Heap before GC invocations=6 (full 0):
 garbage-first heap   total 40960K, used 30344K [0x0000000089600000, 0x0000000100000000)
  region size 1024K, 18 young (18432K), 2 survivors (2048K)
 Metaspace       used 35275K, committed 35584K, reserved 1114112K
  class space    used 4815K, committed 4992K, reserved 1048576K
}
Event: 2.891 GC heap after
{Heap after GC invocations=7 (full 0):
 garbage-first heap   total 40960K, used 16658K [0x0000000089600000, 0x0000000100000000)
  region size 1024K, 3 young (3072K), 3 survivors (3072K)
 Metaspace       used 35275K, committed 35584K, reserved 1114112K
  class space    used 4815K, committed 4992K, reserved 1048576K
}
Event: 2.912 GC heap before
{Heap before GC invocations=7 (full 0):
 garbage-first heap   total 40960K, used 17682K [0x0000000089600000, 0x0000000100000000)
  region size 1024K, 5 young (5120K), 3 survivors (3072K)
 Metaspace       used 35673K, committed 35968K, reserved 1114112K
  class space    used 4910K, committed 5056K, reserved 1048576K
}
Event: 2.914 GC heap after
{Heap after GC invocations=8 (full 0):
 garbage-first heap   total 40960K, used 17332K [0x0000000089600000, 0x0000000100000000)
  region size 1024K, 1 young (1024K), 1 survivors (1024K)
 Metaspace       used 35673K, committed 35968K, reserved 1114112K
  class space    used 4910K, committed 5056K, reserved 1048576K
}
Event: 3.095 GC heap before
{Heap before GC invocations=9 (full 0):
 garbage-first heap   total 40960K, used 22452K [0x0000000089600000, 0x0000000100000000)
  region size 1024K, 8 young (8192K), 1 survivors (1024K)
 Metaspace       used 37388K, committed 37696K, reserved 1114112K
  class space    used 5230K, committed 5376K, reserved 1048576K
}
Event: 3.097 GC heap after
{Heap after GC invocations=10 (full 0):
 garbage-first heap   total 40960K, used 18321K [0x0000000089600000, 0x0000000100000000)
  region size 1024K, 2 young (2048K), 2 survivors (2048K)
 Metaspace       used 37388K, committed 37696K, reserved 1114112K
  class space    used 5230K, committed 5376K, reserved 1048576K
}
Event: 3.102 GC heap before
{Heap before GC invocations=10 (full 0):
 garbage-first heap   total 40960K, used 19345K [0x0000000089600000, 0x0000000100000000)
  region size 1024K, 3 young (3072K), 2 survivors (2048K)
 Metaspace       used 37404K, committed 37696K, reserved 1114112K
  class space    used 5233K, committed 5376K, reserved 1048576K
}
Event: 3.103 GC heap after
{Heap after GC invocations=11 (full 0):
 garbage-first heap   total 40960K, used 19845K [0x0000000089600000, 0x0000000100000000)
  region size 1024K, 1 young (1024K), 1 survivors (1024K)
 Metaspace       used 37404K, committed 37696K, reserved 1114112K
  class space    used 5233K, committed 5376K, reserved 1048576K
}
Event: 3.326 GC heap before
{Heap before GC invocations=12 (full 0):
 garbage-first heap   total 45056K, used 33157K [0x0000000089600000, 0x0000000100000000)
  region size 1024K, 10 young (10240K), 1 survivors (1024K)
 Metaspace       used 40093K, committed 40384K, reserved 1114112K
  class space    used 5801K, committed 5952K, reserved 1048576K
}
Event: 3.329 GC heap after
{Heap after GC invocations=13 (full 0):
 garbage-first heap   total 45056K, used 24612K [0x0000000089600000, 0x0000000100000000)
  region size 1024K, 1 young (1024K), 1 survivors (1024K)
 Metaspace       used 40093K, committed 40384K, reserved 1114112K
  class space    used 5801K, committed 5952K, reserved 1048576K
}
Event: 4.553 GC heap before
{Heap before GC invocations=13 (full 0):
 garbage-first heap   total 45056K, used 27684K [0x0000000089600000, 0x0000000100000000)
  region size 1024K, 2 young (2048K), 1 survivors (1024K)
 Metaspace       used 40405K, committed 40704K, reserved 1114112K
  class space    used 5824K, committed 5952K, reserved 1048576K
}
Event: 4.555 GC heap after
{Heap after GC invocations=14 (full 0):
 garbage-first heap   total 54272K, used 25619K [0x0000000089600000, 0x0000000100000000)
  region size 1024K, 1 young (1024K), 1 survivors (1024K)
 Metaspace       used 40405K, committed 40704K, reserved 1114112K
  class space    used 5824K, committed 5952K, reserved 1048576K
}
Event: 9.266 GC heap before
{Heap before GC invocations=14 (full 0):
 garbage-first heap   total 54272K, used 39955K [0x0000000089600000, 0x0000000100000000)
  region size 1024K, 15 young (15360K), 1 survivors (1024K)
 Metaspace       used 44347K, committed 44672K, reserved 1114112K
  class space    used 6281K, committed 6400K, reserved 1048576K
}
Event: 9.268 GC heap after
{Heap after GC invocations=15 (full 0):
 garbage-first heap   total 54272K, used 26686K [0x0000000089600000, 0x0000000100000000)
  region size 1024K, 2 young (2048K), 2 survivors (2048K)
 Metaspace       used 44347K, committed 44672K, reserved 1114112K
  class space    used 6281K, committed 6400K, reserved 1048576K
}
Event: 9.328 GC heap before
{Heap before GC invocations=16 (full 0):
 garbage-first heap   total 54272K, used 28734K [0x0000000089600000, 0x0000000100000000)
  region size 1024K, 5 young (5120K), 2 survivors (2048K)
 Metaspace       used 44533K, committed 44864K, reserved 1114112K
  class space    used 6303K, committed 6464K, reserved 1048576K
}
Event: 9.330 GC heap after
{Heap after GC invocations=17 (full 0):
 garbage-first heap   total 54272K, used 27379K [0x0000000089600000, 0x0000000100000000)
  region size 1024K, 1 young (1024K), 1 survivors (1024K)
 Metaspace       used 44533K, committed 44864K, reserved 1114112K
  class space    used 6303K, committed 6464K, reserved 1048576K
}
Event: 13.848 GC heap before
{Heap before GC invocations=18 (full 0):
 garbage-first heap   total 60416K, used 44787K [0x0000000089600000, 0x0000000100000000)
  region size 1024K, 14 young (14336K), 1 survivors (1024K)
 Metaspace       used 46807K, committed 47104K, reserved 1114112K
  class space    used 6665K, committed 6784K, reserved 1048576K
}
Event: 13.856 GC heap after
{Heap after GC invocations=19 (full 0):
 garbage-first heap   total 60416K, used 34293K [0x0000000089600000, 0x0000000100000000)
  region size 1024K, 2 young (2048K), 2 survivors (2048K)
 Metaspace       used 46807K, committed 47104K, reserved 1114112K
  class space    used 6665K, committed 6784K, reserved 1048576K
}
Event: 179.644 GC heap before
{Heap before GC invocations=19 (full 0):
 garbage-first heap   total 60416K, used 46581K [0x0000000089600000, 0x0000000100000000)
  region size 1024K, 14 young (14336K), 2 survivors (2048K)
 Metaspace       used 47427K, committed 47808K, reserved 1114112K
  class space    used 6684K, committed 6848K, reserved 1048576K
}

