# JRE version: Java(TM) SE Runtime Environment (17.0.10+11) (build 17.0.10+11-LTS-240)
# Java VM: Java HotSpot(TM) 64-Bit Server VM (17.0.10+11-LTS-240, mixed mode, sharing, tiered, compressed oops, compressed class ptrs, g1 gc, linux-amd64)
GC Precious Log:
 CPUs: 4 total, 4 available
 Memory: 7586M
 Large Page Support: Disabled
 NUMA Support: Disabled
 Compressed Oops: Enabled (32-bit)
 Heap Region Size: 1M
 Heap Min Capacity: 8M
 Heap Initial Capacity: 120M
 Heap Max Capacity: 1898M
 Pre-touch: Disabled
 Parallel Workers: 4
 Concurrent Workers: 1
 Concurrent Refinement Workers: 4
 Periodic GC: Disabled
Heap:
 garbage-first heap   total 86016K, used 54996K [0x0000000089600000, 0x0000000100000000)
  region size 1024K, 9 young (9216K), 2 survivors (2048K)
 Metaspace       used 46443K, committed 46784K, reserved 1114112K
  class space    used 6528K, committed 6656K, reserved 1048576K
GC Heap History (20 events):
Event: 1.930 GC heap after
{Heap after GC invocations=6 (full 0):
 garbage-first heap   total 40960K, used 12101K [0x0000000089600000, 0x0000000100000000)
  region size 1024K, 3 young (3072K), 3 survivors (3072K)
 Metaspace       used 31025K, committed 31232K, reserved 1114112K
  class space    used 4130K, committed 4224K, reserved 1048576K
}
Event: 2.281 GC heap before
{Heap before GC invocations=6 (full 0):
 garbage-first heap   total 40960K, used 28485K [0x0000000089600000, 0x0000000100000000)
  region size 1024K, 18 young (18432K), 3 survivors (3072K)
 Metaspace       used 35134K, committed 35392K, reserved 1114112K
  class space    used 4777K, committed 4928K, reserved 1048576K
}
Event: 2.286 GC heap after
{Heap after GC invocations=7 (full 0):
 garbage-first heap   total 40960K, used 16549K [0x0000000089600000, 0x0000000100000000)
  region size 1024K, 3 young (3072K), 3 survivors (3072K)
 Metaspace       used 35134K, committed 35392K, reserved 1114112K
  class space    used 4777K, committed 4928K, reserved 1048576K
}
Event: 2.325 GC heap before
{Heap before GC invocations=7 (full 0):
 garbage-first heap   total 40960K, used 18597K [0x0000000089600000, 0x0000000100000000)
  region size 1024K, 6 young (6144K), 3 survivors (3072K)
 Metaspace       used 35783K, committed 36096K, reserved 1114112K
  class space    used 4923K, committed 5120K, reserved 1048576K
}
Event: 2.331 GC heap after
{Heap after GC invocations=8 (full 0):
 garbage-first heap   total 40960K, used 17142K [0x0000000089600000, 0x0000000100000000)
  region size 1024K, 1 young (1024K), 1 survivors (1024K)
 Metaspace       used 35783K, committed 36096K, reserved 1114112K
  class space    used 4923K, committed 5120K, reserved 1048576K
}
Event: 2.562 GC heap before
{Heap before GC invocations=9 (full 0):
 garbage-first heap   total 40960K, used 23286K [0x0000000089600000, 0x0000000100000000)
  region size 1024K, 8 young (8192K), 1 survivors (1024K)
 Metaspace       used 37397K, committed 37696K, reserved 1114112K
  class space    used 5231K, committed 5376K, reserved 1048576K
}
Event: 2.565 GC heap after
{Heap after GC invocations=10 (full 0):
 garbage-first heap   total 40960K, used 18207K [0x0000000089600000, 0x0000000100000000)
  region size 1024K, 2 young (2048K), 2 survivors (2048K)
 Metaspace       used 37397K, committed 37696K, reserved 1114112K
  class space    used 5231K, committed 5376K, reserved 1048576K
}
Event: 2.572 GC heap before
{Heap before GC invocations=10 (full 0):
 garbage-first heap   total 40960K, used 19231K [0x0000000089600000, 0x0000000100000000)
  region size 1024K, 3 young (3072K), 2 survivors (2048K)
 Metaspace       used 37411K, committed 37696K, reserved 1114112K
  class space    used 5233K, committed 5376K, reserved 1048576K
}
Event: 2.573 GC heap after
{Heap after GC invocations=11 (full 0):
 garbage-first heap   total 49152K, used 19284K [0x0000000089600000, 0x0000000100000000)
  region size 1024K, 1 young (1024K), 1 survivors (1024K)
 Metaspace       used 37411K, committed 37696K, reserved 1114112K
  class space    used 5233K, committed 5376K, reserved 1048576K
}
Event: 2.588 GC heap before
{Heap before GC invocations=11 (full 0):
 garbage-first heap   total 49152K, used 21332K [0x0000000089600000, 0x0000000100000000)
  region size 1024K, 2 young (2048K), 1 survivors (1024K)
 Metaspace       used 37556K, committed 37888K, reserved 1114112K
  class space    used 5261K, committed 5440K, reserved 1048576K
}
Event: 2.590 GC heap after
{Heap after GC invocations=12 (full 0):
 garbage-first heap   total 49152K, used 21281K [0x0000000089600000, 0x0000000100000000)
  region size 1024K, 1 young (1024K), 1 survivors (1024K)
 Metaspace       used 37556K, committed 37888K, reserved 1114112K
  class space    used 5261K, committed 5440K, reserved 1048576K
}
Event: 2.783 GC heap before
{Heap before GC invocations=13 (full 0):
 garbage-first heap   total 49152K, used 31521K [0x0000000089600000, 0x0000000100000000)
  region size 1024K, 10 young (10240K), 1 survivors (1024K)
 Metaspace       used 40129K, committed 40384K, reserved 1114112K
  class space    used 5801K, committed 5952K, reserved 1048576K
}
Event: 2.784 GC heap after
{Heap after GC invocations=14 (full 0):
 garbage-first heap   total 49152K, used 23386K [0x0000000089600000, 0x0000000100000000)
  region size 1024K, 2 young (2048K), 2 survivors (2048K)
 Metaspace       used 40129K, committed 40384K, reserved 1114112K
  class space    used 5801K, committed 5952K, reserved 1048576K
}
Event: 24.837 GC heap before
{Heap before GC invocations=15 (full 0):
 garbage-first heap   total 49152K, used 36698K [0x0000000089600000, 0x0000000100000000)
  region size 1024K, 14 young (14336K), 2 survivors (2048K)
 Metaspace       used 44132K, committed 44416K, reserved 1114112K
  class space    used 6171K, committed 6336K, reserved 1048576K
}
Event: 24.839 GC heap after
{Heap after GC invocations=16 (full 0):
 garbage-first heap   total 49152K, used 26130K [0x0000000089600000, 0x0000000100000000)
  region size 1024K, 1 young (1024K), 1 survivors (1024K)
 Metaspace       used 44132K, committed 44416K, reserved 1114112K
  class space    used 6171K, committed 6336K, reserved 1048576K
}
Event: 24.889 GC heap before
{Heap before GC invocations=16 (full 0):
 garbage-first heap   total 49152K, used 29202K [0x0000000089600000, 0x0000000100000000)
  region size 1024K, 5 young (5120K), 1 survivors (1024K)
 Metaspace       used 44845K, committed 45120K, reserved 1114112K
  class space    used 6348K, committed 6464K, reserved 1048576K
}
Event: 24.890 GC heap after
{Heap after GC invocations=17 (full 0):
 garbage-first heap   total 49152K, used 27213K [0x0000000089600000, 0x0000000100000000)
  region size 1024K, 2 young (2048K), 2 survivors (2048K)
 Metaspace       used 44845K, committed 45120K, reserved 1114112K
  class space    used 6348K, committed 6464K, reserved 1048576K
}
Event: 24.983 GC heap before
{Heap before GC invocations=18 (full 0):
 garbage-first heap   total 66560K, used 44621K [0x0000000089600000, 0x0000000100000000)
  region size 1024K, 6 young (6144K), 2 survivors (2048K)
 Metaspace       used 45310K, committed 45632K, reserved 1114112K
  class space    used 6423K, committed 6592K, reserved 1048576K
}
Event: 24.989 GC heap after
{Heap after GC invocations=19 (full 0):
 garbage-first heap   total 66560K, used 42477K [0x0000000089600000, 0x0000000100000000)
  region size 1024K, 2 young (2048K), 2 survivors (2048K)
 Metaspace       used 45310K, committed 45632K, reserved 1114112K
  class space    used 6423K, committed 6592K, reserved 1048576K
}
Event: 28.894 GC heap before
{Heap before GC invocations=20 (full 0):
 garbage-first heap   total 86016K, used 54765K [0x0000000089600000, 0x0000000100000000)
  region size 1024K, 9 young (9216K), 2 survivors (2048K)
 Metaspace       used 46443K, committed 46784K, reserved 1114112K
  class space    used 6528K, committed 6656K, reserved 1048576K
}

